<?xml version="1.0" encoding="UTF-8"?>
<!-- Generated by org.testng.reporters.JUnitReportReporter -->
<testsuite hostname="DESKTOP-FDAGO2O" failures="0" tests="1" name="com.qa.practice.DynamicTableHandling" time="93.643" errors="0" timestamp="2022-11-02T15:50:13 IST" skipped="0">
  <testcase classname="com.qa.practice.DynamicTableHandling" name="dynamictblhandle" time="93.643"/>
  <system-out/>
</testsuite> <!-- com.qa.practice.DynamicTableHandling -->
