<?xml version="1.0" encoding="UTF-8"?>
<!-- Generated by org.testng.reporters.JUnitReportReporter -->
<testsuite hostname="DESKTOP-FDAGO2O" failures="0" tests="1" name="com.qa.testcases.SampleTest" time="1.934" errors="0" timestamp="12 Oct 2022 08:39:32 GMT" skipped="0">
  <testcase classname="com.qa.testcases.SampleTest" name="testBrowser" time="1.934"/>
</testsuite> <!-- com.qa.testcases.SampleTest -->
