<?xml version="1.0" encoding="UTF-8"?>
<!-- Generated by org.testng.reporters.JUnitReportReporter -->
<testsuite hostname="DESKTOP-FDAGO2O" failures="0" tests="1" name="com.qa.practice.HandleIframe" time="8.642" errors="0" timestamp="2022-11-03T17:32:28 IST" skipped="0">
  <testcase classname="com.qa.practice.HandleIframe" name="IFrameHandleing" time="8.642"/>
  <system-out/>
</testsuite> <!-- com.qa.practice.HandleIframe -->
